Vivado Simulator 2018.3
Time resolution is 1 ps
the write data is 01	 the write_count is   0
the write data is 02	 the write_count is   1
the write data is 03	 the write_count is   2
the write data is 04	 the write_count is   3
the write data is 05	 the write_count is   4
the write data is 06	 the write_count is   5
the write data is 07	 the write_count is   6
the write data is 08	 the write_count is   7
the write data is 09	 the write_count is   8
the write data is 0a	 the write_count is   9
the write data is 0b	 the write_count is  10
the write data is 0c	 the write_count is  11
the write data is 0d	 the write_count is  12
the write data is 0e	 the write_count is  13
the write data is 0f	 the write_count is  14
the write data is 10	 the write_count is  15
the write data is 11	 the write_count is  16
the write data is 12	 the write_count is  17
the write data is 13	 the write_count is  18
the write data is 14	 the write_count is  19
the write data is 15	 the write_count is  20
the write data is 16	 the write_count is  21
the write data is 17	 the write_count is  22
the write data is 18	 the write_count is  23
the write data is 19	 the write_count is  24
the write data is 1a	 the write_count is  25
the write data is 1b	 the write_count is  26
the write data is 1c	 the write_count is  27
the write data is 1d	 the write_count is  28
the write data is 1e	 the write_count is  29
the write data is 1f	 the write_count is  30
the write data is 20	 the write_count is  31
the write data is 21	 the write_count is  32
the write data is 22	 the write_count is  33
the write data is 23	 the write_count is  34
the write data is 24	 the write_count is  35
the write data is 25	 the write_count is  36
the write data is 26	 the write_count is  37
the write data is 27	 the write_count is  38
the write data is 28	 the write_count is  39
the write data is 29	 the write_count is  40
the write data is 2a	 the write_count is  41
the write data is 2b	 the write_count is  42
the write data is 2c	 the write_count is  43
the write data is 2d	 the write_count is  44
the write data is 2e	 the write_count is  45
the write data is 2f	 the write_count is  46
the write data is 30	 the write_count is  47
the write data is 31	 the write_count is  48
the write data is 32	 the write_count is  49
the write data is 33	 the write_count is  50
the write data is 34	 the write_count is  51
the write data is 35	 the write_count is  52
the write data is 36	 the write_count is  53
the write data is 37	 the write_count is  54
the write data is 38	 the write_count is  55
the write data is 39	 the write_count is  56
the write data is 3a	 the write_count is  57
the write data is 3b	 the write_count is  58
the write data is 3c	 the write_count is  59
the write data is 3d	 the write_count is  60
the write data is 3e	 the write_count is  61
the write data is 3f	 the write_count is  62
the write data is 40	 the write_count is  63
the write data is 41	 the write_count is  64
the write data is 42	 the write_count is  65
the write data is 43	 the write_count is  66
the write data is 44	 the write_count is  67
the write data is 45	 the write_count is  68
the write data is 46	 the write_count is  69
the write data is 47	 the write_count is  70
the write data is 48	 the write_count is  71
the write data is 49	 the write_count is  72
the write data is 4a	 the write_count is  73
the write data is 4b	 the write_count is  74
the write data is 4c	 the write_count is  75
the write data is 4d	 the write_count is  76
the write data is 4e	 the write_count is  77
the write data is 4f	 the write_count is  78
the write data is 50	 the write_count is  79
the write data is 51	 the write_count is  80
the write data is 52	 the write_count is  81
the write data is 53	 the write_count is  82
the write data is 54	 the write_count is  83
the write data is 55	 the write_count is  84
the write data is 56	 the write_count is  85
the write data is 57	 the write_count is  86
the write data is 58	 the write_count is  87
the write data is 59	 the write_count is  88
the write data is 5a	 the write_count is  89
the write data is 5b	 the write_count is  90
the write data is 5c	 the write_count is  91
the write data is 5d	 the write_count is  92
the write data is 5e	 the write_count is  93
the write data is 5f	 the write_count is  94
the write data is 60	 the write_count is  95
the write data is 61	 the write_count is  96
the write data is 62	 the write_count is  97
the write data is 63	 the write_count is  98
the write data is 64	 the write_count is  99
the write data is 65	 the write_count is 100
the write data is 66	 the write_count is 101
the write data is 67	 the write_count is 102
the write data is 68	 the write_count is 103
the write data is 69	 the write_count is 104
the write data is 6a	 the write_count is 105
the write data is 6b	 the write_count is 106
the write data is 6c	 the write_count is 107
the write data is 6d	 the write_count is 108
the write data is 6e	 the write_count is 109
the write data is 6f	 the write_count is 110
the write data is 70	 the write_count is 111
the write data is 71	 the write_count is 112
the write data is 72	 the write_count is 113
the write data is 73	 the write_count is 114
the write data is 74	 the write_count is 115
the write data is 75	 the write_count is 116
the write data is 76	 the write_count is 117
the write data is 77	 the write_count is 118
the write data is 78	 the write_count is 119
the write data is 79	 the write_count is 120
the write data is 7a	 the write_count is 121
the write data is 7b	 the write_count is 122
the write data is 7c	 the write_count is 123
the write data is 7d	 the write_count is 124
the write data is 7e	 the write_count is 125
the write data is 7f	 the write_count is 126
the write data is 80	 the write_count is 127
the write data is 81	 the write_count is 128
the write data is 82	 the write_count is 128
the write data is 83	 the write_count is 128
the write data is 84	 the write_count is 128
the write data is 85	 the write_count is 128
the write data is 86	 the write_count is 128
the write data is 87	 the write_count is 128
the write data is 88	 the write_count is 128
the write data is 89	 the write_count is 128
the write data is 8a	 the write_count is 128
the write data is 8b	 the write_count is 128
the write data is 8c	 the write_count is 128
the write data is 8d	 the write_count is 128
the write data is 8e	 the write_count is 128
the write data is 8f	 the write_count is 128
the write data is 90	 the write_count is 128
the write data is 91	 the write_count is 128
the write data is 92	 the write_count is 128
the write data is 93	 the write_count is 128
the write data is 94	 the write_count is 128
the write data is 95	 the write_count is 128
the write data is 96	 the write_count is 128
the write data is 97	 the write_count is 128
the write data is 98	 the write_count is 128
the write data is 99	 the write_count is 128
the write data is 9a	 the write_count is 128
the read data is 0102030405060708	 the read_count is 15
the read data is 090a0b0c0d0e0f10	 the read_count is 14
the read data is 1112131415161718	 the read_count is 13
the read data is 191a1b1c1d1e1f20	 the read_count is 12
the read data is 2122232425262728	 the read_count is 11
the read data is 292a2b2c2d2e2f30	 the read_count is 10
